<?xml version="1.0" encoding="UTF-8"?>
<testng-results skipped="0" failed="0" ignored="0" total="1" passed="1">
  <reporter-output>
  </reporter-output>
  <suite name="Basic Suite" duration-ms="47" started-at="2022-06-21T12:24:15 EDT" finished-at="2022-06-21T12:24:16 EDT">
    <groups>
    </groups>
    <test name="Basic Test" duration-ms="47" started-at="2022-06-21T12:24:15 EDT" finished-at="2022-06-21T12:24:16 EDT">
      <class name="com.revature.BasicTest">
        <test-method status="PASS" signature="testBasicTest()[pri:0, instance:com.revature.BasicTest@3fd7a715]" name="testBasicTest" duration-ms="7" started-at="2022-06-21T12:24:15 EDT" finished-at="2022-06-21T12:24:16 EDT">
          <reporter-output>
          </reporter-output>
        </test-method> <!-- testBasicTest -->
      </class> <!-- com.revature.BasicTest -->
    </test> <!-- Basic Test -->
  </suite> <!-- Basic Suite -->
</testng-results>
