<?xml version="1.0" encoding="UTF-8"?>
<!-- Generated by org.testng.reporters.JUnitXMLReporter -->
<testsuite hostname="LAPTOP-SFSUNP5A" ignored="0" name="Mocking Calculator for Mathematician" tests="4" failures="0" timestamp="2022-06-22T11:27:59 EDT" time="0.51" errors="0">
  <testcase name="givenTwoInt_whenAdded_thenCorrectAddition_data_provider" time="0.029" classname="com.revature.TestMathematician"/>
  <testcase name="givenTwoInt_whenAdded_thenCorrectAddition_data_provider" time="0.001" classname="com.revature.TestMathematician"/>
  <testcase name="givenTwoInt_whenAdded_thenCorrectAddition_data_provider" time="0.001" classname="com.revature.TestMathematician"/>
  <testcase name="givenTwoInts_whenAdded_thenCorrectAddition" time="0.002" classname="com.revature.TestMathematician"/>
</testsuite> <!-- Mocking Calculator for Mathematician -->
