<?xml version="1.0" encoding="UTF-8"?>
<testng-results skipped="0" failed="0" ignored="0" total="4" passed="4">
  <reporter-output>
  </reporter-output>
  <suite name="Service Test Suite" duration-ms="681" started-at="2022-06-27T12:25:23 EDT" finished-at="2022-06-27T12:25:24 EDT">
    <groups>
    </groups>
    <test name="Item Service Test" duration-ms="681" started-at="2022-06-27T12:25:23 EDT" finished-at="2022-06-27T12:25:24 EDT">
      <class name="com.revature.service.ItemServiceTest">
        <test-method status="PASS" signature="setup()[pri:0, instance:com.revature.service.ItemServiceTest@1fc2b765]" name="setup" is-config="true" duration-ms="631" started-at="2022-06-27T12:25:23 EDT" finished-at="2022-06-27T12:25:24 EDT">
          <reporter-output>
          </reporter-output>
        </test-method> <!-- setup -->
        <test-method status="PASS" signature="testGetAllItems()[pri:0, instance:com.revature.service.ItemServiceTest@1fc2b765]" name="testGetAllItems" duration-ms="9" started-at="2022-06-27T12:25:24 EDT" finished-at="2022-06-27T12:25:24 EDT">
          <reporter-output>
          </reporter-output>
        </test-method> <!-- testGetAllItems -->
        <test-method status="PASS" signature="testGetItem()[pri:0, instance:com.revature.service.ItemServiceTest@1fc2b765]" name="testGetItem" duration-ms="1" started-at="2022-06-27T12:25:24 EDT" finished-at="2022-06-27T12:25:24 EDT">
          <reporter-output>
          </reporter-output>
        </test-method> <!-- testGetItem -->
        <test-method status="PASS" signature="testGetSupplierItems()[pri:0, instance:com.revature.service.ItemServiceTest@1fc2b765]" name="testGetSupplierItems" duration-ms="1" started-at="2022-06-27T12:25:24 EDT" finished-at="2022-06-27T12:25:24 EDT">
          <reporter-output>
          </reporter-output>
        </test-method> <!-- testGetSupplierItems -->
        <test-method status="PASS" signature="testItemNotFoundExceptionThrownWhenInvalidItemIdProvided()[pri:0, instance:com.revature.service.ItemServiceTest@1fc2b765]" name="testItemNotFoundExceptionThrownWhenInvalidItemIdProvided" duration-ms="2" started-at="2022-06-27T12:25:24 EDT" finished-at="2022-06-27T12:25:24 EDT">
          <reporter-output>
          </reporter-output>
        </test-method> <!-- testItemNotFoundExceptionThrownWhenInvalidItemIdProvided -->
      </class> <!-- com.revature.service.ItemServiceTest -->
    </test> <!-- Item Service Test -->
  </suite> <!-- Service Test Suite -->
</testng-results>
