<?xml version="1.0" encoding="UTF-8"?>
<testsuite xmlns:xsi="http://www.w3.org/2001/XMLSchema-instance" xsi:noNamespaceSchemaLocation="https://maven.apache.org/surefire/maven-surefire-plugin/xsd/surefire-test-report-3.0.xsd" version="3.0" name="TestSuite" time="8.111" tests="6" errors="0" skipped="0" failures="2">
  <properties>
[...]
</properties>
  <testcase name="testGetAllItems" classname="com.revature.service.ItemServiceTest" time="0.009">
    <system-err><![CDATA[SLF4J: Class path contains multiple SLF4J bindings.
SLF4J: Found binding in [jar:file:/C:/Users/Bravo/.m2/repository/org/slf4j/slf4j-simple/1.7.31/slf4j-simple-1.7.31.jar!/org/slf4j/impl/StaticLoggerBinder.class]
SLF4J: Found binding in [jar:file:/C:/Users/Bravo/.m2/repository/org/slf4j/slf4j-nop/1.7.36/slf4j-nop-1.7.36.jar!/org/slf4j/impl/StaticLoggerBinder.class]
SLF4J: See http://www.slf4j.org/codes.html#multiple_bindings for an explanation.
SLF4J: Actual binding is of type [org.slf4j.impl.SimpleLoggerFactory]
[main] WARN org.testng.xml.TestNGContentHandler - It is strongly recommended to add "<!DOCTYPE suite SYSTEM "https://testng.org/testng-1.0.dtd" >" at the top of the suite file [C:\Users\Bravo\Programming\Repositories\Batches\220516-Python-with-Automation\demo\Java-Python\java_fs_demo\src\test\resources\test_service_suite.xml] otherwise TestNG may fail or not work as expected.
[main] WARN org.testng.xml.TestNGContentHandler - It is strongly recommended to add "<!DOCTYPE suite SYSTEM "https://testng.org/testng-1.0.dtd" >" at the top of the suite file [C:\Users\Bravo\Programming\Repositories\Batches\220516-Python-with-Automation\demo\Java-Python\java_fs_demo\src\test\resources\test_selenium_supplier.xml] otherwise TestNG may fail or not work as expected.
]]></system-err>
  </testcase>
  <testcase name="testGetItem" classname="com.revature.service.ItemServiceTest" time="0"/>
  <testcase name="testGetSupplierItems" classname="com.revature.service.ItemServiceTest" time="0"/>
  <testcase name="testItemNotFoundExceptionThrownWhenInvalidItemIdProvided" classname="com.revature.service.ItemServiceTest" time="0.004"/>
  <testcase name="feature[&quot;A user searches for a supplier using their id&quot;, &quot;Supplier Search Feature&quot;](1)" classname="com.revature.TestRunner" time="3.905">
    <failure message="expected [name: Flour price: 20] but found []" type="java.lang.AssertionError"><![CDATA[java.lang.AssertionError: expected [name: Flour price: 20] but found []
	at org.testng.Assert.fail(Assert.java:110)
	at org.testng.Assert.failNotEquals(Assert.java:1413)
	at org.testng.Assert.assertEqualsImpl(Assert.java:149)
	at org.testng.Assert.assertEquals(Assert.java:131)
	at org.testng.Assert.assertEquals(Assert.java:655)
	at org.testng.Assert.assertEquals(Assert.java:665)
	at com.revature.StepDefinitions.SupplierSearchStepImpl.the_user_can_see_the_suppliers_listed_items(SupplierSearchStepImpl.java:49)
	at ✽.the user can see the suppliers listed items(file:///C:/Users/Bravo/Programming/Repositories/Batches/220516-Python-with-Automation/demo/Java-Python/java_fs_demo/src/test/resources/features/SupplierSearch.feature:11)
]]></failure>
    <system-err><![CDATA[Starting ChromeDriver 101.0.4951.41 (93c720db8323b3ec10d056025ab95c23a31997c9-refs/branch-heads/4951@{#904}) on port 51181
Only local connections are allowed.
Please see https://chromedriver.chromium.org/security-considerations for suggestions on keeping ChromeDriver safe.
ChromeDriver was started successfully.
[1656433677.743][WARNING]: This version of ChromeDriver has not been tested with Chrome version 102.
Jun 28, 2022 12:27:57 PM org.openqa.selenium.remote.ProtocolHandshake createSession
INFO: Detected dialect: W3C
Jun 28, 2022 12:27:58 PM org.openqa.selenium.devtools.CdpVersionFinder findNearestMatch
WARNING: Unable to find an exact match for CDP version 102, so returning the closest version found: a no-op implementation
Jun 28, 2022 12:27:58 PM org.openqa.selenium.devtools.CdpVersionFinder findNearestMatch
INFO: Unable to find CDP implementation matching 102.
Jun 28, 2022 12:27:58 PM org.openqa.selenium.chromium.ChromiumDriver lambda$new$3
WARNING: Unable to find version of CDP to use for . You may need to include a dependency on a specific version of the CDP using something similar to `org.seleniumhq.selenium:selenium-devtools-v86:4.0.0` where the version ("v86") matches the version of the chromium-based browser you're using and the version number of the artifact is the same as Selenium's.
]]></system-err>
  </testcase>
  <testcase name="runScenario[&quot;A user searches for a supplier using their id&quot;, &quot;Supplier Search Feature&quot;](1)" classname="com.revature.TestRunner" time="1.767">
    <failure message="expected [name: Flour price: 20] but found []" type="java.lang.AssertionError"><![CDATA[java.lang.AssertionError: expected [name: Flour price: 20] but found []
	at org.testng.Assert.fail(Assert.java:110)
	at org.testng.Assert.failNotEquals(Assert.java:1413)
	at org.testng.Assert.assertEqualsImpl(Assert.java:149)
	at org.testng.Assert.assertEquals(Assert.java:131)
	at org.testng.Assert.assertEquals(Assert.java:655)
	at org.testng.Assert.assertEquals(Assert.java:665)
	at com.revature.StepDefinitions.SupplierSearchStepImpl.the_user_can_see_the_suppliers_listed_items(SupplierSearchStepImpl.java:49)
	at ✽.the user can see the suppliers listed items(file:///C:/Users/Bravo/Programming/Repositories/Batches/220516-Python-with-Automation/demo/Java-Python/java_fs_demo/src/test/resources/features/SupplierSearch.feature:11)
]]></failure>
    <system-err><![CDATA[Starting ChromeDriver 101.0.4951.41 (93c720db8323b3ec10d056025ab95c23a31997c9-refs/branch-heads/4951@{#904}) on port 58352
Only local connections are allowed.
Please see https://chromedriver.chromium.org/security-considerations for suggestions on keeping ChromeDriver safe.
ChromeDriver was started successfully.
[1656433679.681][WARNING]: This version of ChromeDriver has not been tested with Chrome version 102.
Jun 28, 2022 12:27:59 PM org.openqa.selenium.remote.ProtocolHandshake createSession
INFO: Detected dialect: W3C
Jun 28, 2022 12:27:59 PM org.openqa.selenium.devtools.CdpVersionFinder findNearestMatch
WARNING: Unable to find an exact match for CDP version 102, so returning the closest version found: a no-op implementation
Jun 28, 2022 12:27:59 PM org.openqa.selenium.devtools.CdpVersionFinder findNearestMatch
INFO: Unable to find CDP implementation matching 102.
Jun 28, 2022 12:27:59 PM org.openqa.selenium.chromium.ChromiumDriver lambda$new$3
WARNING: Unable to find version of CDP to use for . You may need to include a dependency on a specific version of the CDP using something similar to `org.seleniumhq.selenium:selenium-devtools-v86:4.0.0` where the version ("v86") matches the version of the chromium-based browser you're using and the version number of the artifact is the same as Selenium's.
]]></system-err>
  </testcase>
</testsuite>