<?xml version="1.0" encoding="UTF-8"?>
<testsuite xmlns:xsi="http://www.w3.org/2001/XMLSchema-instance" xsi:noNamespaceSchemaLocation="https://maven.apache.org/surefire/maven-surefire-plugin/xsd/surefire-test-report-3.0.xsd" version="3.0" name="com.revature.RunCucumberTest" time="1.646" tests="6" errors="0" skipped="0" failures="0">
  <properties>
[...]
</properties>
  <testcase name="runScenario[&quot;Sunday is not Friday&quot;, &quot;Optional[Is it Friday yet?]&quot;](1)" classname="com.revature.RunCucumberTest" time="0.223">
    <system-out><![CDATA[
Scenario: Sunday is not Friday   &amp#27;[90m# src/test/resources/features/is_it_friday_yet.feature:4&amp#27;[0m
  &amp#27;[32mGiven &amp#27;[0m&amp#27;[32mtoday is Sunday&amp#27;[0m          &amp#27;[90m# com.revature.stepdefinitions.days_step_def.today_is_sunday()&amp#27;[0m
  &amp#27;[32mWhen &amp#27;[0m&amp#27;[32mI ask whether it's Friday&amp#27;[0m &amp#27;[90m# com.revature.stepdefinitions.days_step_def.i_ask_whether_it_s_friday()&amp#27;[0m
  &amp#27;[32mThen &amp#27;[0m&amp#27;[32mI should be told &amp#27;[0m&amp#27;[32m&amp#27;[1m"Nope"&amp#27;[0m   &amp#27;[90m# com.revature.stepdefinitions.days_step_def.i_should_be_told(java.lang.String)&amp#27;[0m
]]></system-out>
  </testcase>
  <testcase name="runScenario[&quot;Friday is Friday&quot;, &quot;Optional[Is it Friday yet?]&quot;](2)" classname="com.revature.RunCucumberTest" time="0.021">
    <system-out><![CDATA[
Scenario: Friday is Friday       &amp#27;[90m# src/test/resources/features/is_it_friday_yet.feature:9&amp#27;[0m
  &amp#27;[32mGiven &amp#27;[0m&amp#27;[32mtoday is Friday&amp#27;[0m          &amp#27;[90m# com.revature.stepdefinitions.days_step_def.today_is_friday()&amp#27;[0m
  &amp#27;[32mWhen &amp#27;[0m&amp#27;[32mI ask whether it's Friday&amp#27;[0m &amp#27;[90m# com.revature.stepdefinitions.days_step_def.i_ask_whether_it_s_friday()&amp#27;[0m
  &amp#27;[32mThen &amp#27;[0m&amp#27;[32mI should be told &amp#27;[0m&amp#27;[32m&amp#27;[1m"TGIF"&amp#27;[0m   &amp#27;[90m# com.revature.stepdefinitions.days_step_def.i_should_be_told(java.lang.String)&amp#27;[0m
]]></system-out>
  </testcase>
  <testcase name="runScenario[&quot;Today is or is not Monday&quot;, &quot;Optional[Is it Monday yet?]&quot;](3)" classname="com.revature.RunCucumberTest" time="0.011">
    <system-out><![CDATA[
Scenario Outline: Today is or is not Monday &amp#27;[90m# src/test/resources/features/is_it_monday_yet.feature:11&amp#27;[0m
  &amp#27;[32mGiven &amp#27;[0m&amp#27;[32mtoday is &amp#27;[0m&amp#27;[32m&amp#27;[1m"Friday"&amp#27;[0m                   &amp#27;[90m# com.revature.stepdefinitions.days_step_def.today_is(java.lang.String)&amp#27;[0m
  &amp#27;[32mWhen &amp#27;[0m&amp#27;[32mI ask whether it's Monday yet&amp#27;[0m        &amp#27;[90m# com.revature.stepdefinitions.days_step_def.i_ask_whether_it_s_monday_yet()&amp#27;[0m
  &amp#27;[32mThen &amp#27;[0m&amp#27;[32mI should be told &amp#27;[0m&amp#27;[32m&amp#27;[1m"Nope"&amp#27;[0m              &amp#27;[90m# com.revature.stepdefinitions.days_step_def.i_should_be_told(java.lang.String)&amp#27;[0m
]]></system-out>
  </testcase>
  <testcase name="runScenario[&quot;Today is or is not Monday&quot;, &quot;Optional[Is it Monday yet?]&quot;](4)" classname="com.revature.RunCucumberTest" time="0.022">
    <system-out><![CDATA[
Scenario Outline: Today is or is not Monday &amp#27;[90m# src/test/resources/features/is_it_monday_yet.feature:12&amp#27;[0m
  &amp#27;[32mGiven &amp#27;[0m&amp#27;[32mtoday is &amp#27;[0m&amp#27;[32m&amp#27;[1m"Sunday"&amp#27;[0m                   &amp#27;[90m# com.revature.stepdefinitions.days_step_def.today_is(java.lang.String)&amp#27;[0m
  &amp#27;[32mWhen &amp#27;[0m&amp#27;[32mI ask whether it's Monday yet&amp#27;[0m        &amp#27;[90m# com.revature.stepdefinitions.days_step_def.i_ask_whether_it_s_monday_yet()&amp#27;[0m
  &amp#27;[32mThen &amp#27;[0m&amp#27;[32mI should be told &amp#27;[0m&amp#27;[32m&amp#27;[1m"Nope"&amp#27;[0m              &amp#27;[90m# com.revature.stepdefinitions.days_step_def.i_should_be_told(java.lang.String)&amp#27;[0m
]]></system-out>
  </testcase>
  <testcase name="runScenario[&quot;Today is or is not Monday&quot;, &quot;Optional[Is it Monday yet?]&quot;](5)" classname="com.revature.RunCucumberTest" time="0.01">
    <system-out><![CDATA[
Scenario Outline: Today is or is not Monday &amp#27;[90m# src/test/resources/features/is_it_monday_yet.feature:13&amp#27;[0m
  &amp#27;[32mGiven &amp#27;[0m&amp#27;[32mtoday is &amp#27;[0m&amp#27;[32m&amp#27;[1m"Monday"&amp#27;[0m                   &amp#27;[90m# com.revature.stepdefinitions.days_step_def.today_is(java.lang.String)&amp#27;[0m
  &amp#27;[32mWhen &amp#27;[0m&amp#27;[32mI ask whether it's Monday yet&amp#27;[0m        &amp#27;[90m# com.revature.stepdefinitions.days_step_def.i_ask_whether_it_s_monday_yet()&amp#27;[0m
  &amp#27;[32mThen &amp#27;[0m&amp#27;[32mI should be told &amp#27;[0m&amp#27;[32m&amp#27;[1m"TGIM"&amp#27;[0m              &amp#27;[90m# com.revature.stepdefinitions.days_step_def.i_should_be_told(java.lang.String)&amp#27;[0m
]]></system-out>
  </testcase>
  <testcase name="runScenario[&quot;Today is or is not Monday&quot;, &quot;Optional[Is it Monday yet?]&quot;](6)" classname="com.revature.RunCucumberTest" time="0.015">
    <system-out><![CDATA[
Scenario Outline: Today is or is not Monday &amp#27;[90m# src/test/resources/features/is_it_monday_yet.feature:14&amp#27;[0m
  &amp#27;[32mGiven &amp#27;[0m&amp#27;[32mtoday is &amp#27;[0m&amp#27;[32m&amp#27;[1m"Anything Else!"&amp#27;[0m           &amp#27;[90m# com.revature.stepdefinitions.days_step_def.today_is(java.lang.String)&amp#27;[0m
  &amp#27;[32mWhen &amp#27;[0m&amp#27;[32mI ask whether it's Monday yet&amp#27;[0m        &amp#27;[90m# com.revature.stepdefinitions.days_step_def.i_ask_whether_it_s_monday_yet()&amp#27;[0m
  &amp#27;[32mThen &amp#27;[0m&amp#27;[32mI should be told &amp#27;[0m&amp#27;[32m&amp#27;[1m"Nope"&amp#27;[0m              &amp#27;[90m# com.revature.stepdefinitions.days_step_def.i_should_be_told(java.lang.String)&amp#27;[0m
]]></system-out>
  </testcase>
</testsuite>