<?xml version="1.0" encoding="UTF-8"?>
<!-- Generated by org.testng.reporters.JUnitXMLReporter -->
<testsuite hostname="LAPTOP-SFSUNP5A" ignored="0" name="Item Service Test" tests="4" failures="0" timestamp="2022-06-27T12:25:24 EDT" time="0.681" errors="0">
  <testcase name="testGetAllItems" time="0.009" classname="com.revature.service.ItemServiceTest"/>
  <testcase name="testGetItem" time="0.001" classname="com.revature.service.ItemServiceTest"/>
  <testcase name="testGetSupplierItems" time="0.001" classname="com.revature.service.ItemServiceTest"/>
  <testcase name="testItemNotFoundExceptionThrownWhenInvalidItemIdProvided" time="0.002" classname="com.revature.service.ItemServiceTest"/>
</testsuite> <!-- Item Service Test -->
