<?xml version="1.0" encoding="UTF-8"?>
<testng-results skipped="0" failed="0" ignored="0" total="2" passed="2">
  <reporter-output>
  </reporter-output>
  <suite name="Surefire suite" duration-ms="7893" started-at="2022-06-23T12:21:56 EDT" finished-at="2022-06-23T12:22:04 EDT">
    <groups>
      <group name="cucumber">
        <method signature="AbstractTestNGCucumberTests.runScenario(io.cucumber.testng.PickleWrapper,io.cucumber.testng.FeatureWrapper)[pri:0, instance:com.revature.TestRunner@467aecef]" name="runScenario" class="io.cucumber.testng.AbstractTestNGCucumberTests"/>
      </group> <!-- cucumber -->
    </groups>
    <test name="Surefire test" duration-ms="7893" started-at="2022-06-23T12:21:56 EDT" finished-at="2022-06-23T12:22:04 EDT">
      <class name="com.revature.TestRunner">
        <test-method status="PASS" signature="setUpClass(org.testng.ITestContext)[pri:0, instance:com.revature.TestRunner@467aecef]" name="setUpClass" is-config="true" duration-ms="584" started-at="2022-06-23T12:21:56 EDT" finished-at="2022-06-23T12:21:57 EDT">
          <params>
            <param index="0">
              <value>
                <![CDATA[org.testng.TestRunner@3f672204]]>
              </value>
            </param>
          </params>
          <reporter-output>
          </reporter-output>
        </test-method> <!-- setUpClass -->
        <test-method status="PASS" signature="setupClass()[pri:0, instance:com.revature.TestRunner@467aecef]" name="setupClass" is-config="true" duration-ms="15" started-at="2022-06-23T12:21:57 EDT" finished-at="2022-06-23T12:21:57 EDT">
          <reporter-output>
          </reporter-output>
        </test-method> <!-- setupClass -->
        <test-method status="PASS" signature="runScenario(io.cucumber.testng.PickleWrapper,io.cucumber.testng.FeatureWrapper)[pri:0, instance:com.revature.TestRunner@467aecef]" name="runScenario" duration-ms="4272" started-at="2022-06-23T12:21:57 EDT" description="Runs Cucumber Scenarios" data-provider="scenarios" finished-at="2022-06-23T12:22:01 EDT">
          <params>
            <param index="0">
              <value>
                <![CDATA["A user enters the correct credentials"]]>
              </value>
            </param>
            <param index="1">
              <value>
                <![CDATA["Test Login Functionality"]]>
              </value>
            </param>
          </params>
          <reporter-output>
          </reporter-output>
        </test-method> <!-- runScenario -->
        <test-method status="PASS" signature="feature(io.cucumber.testng.PickleWrapper,io.cucumber.testng.FeatureWrapper)[pri:0, instance:com.revature.TestRunner@467aecef]" name="feature" duration-ms="2937" started-at="2022-06-23T12:22:01 EDT" data-provider="features" finished-at="2022-06-23T12:22:04 EDT">
          <params>
            <param index="0">
              <value>
                <![CDATA["A user enters the correct credentials"]]>
              </value>
            </param>
            <param index="1">
              <value>
                <![CDATA["Test Login Functionality"]]>
              </value>
            </param>
          </params>
          <reporter-output>
          </reporter-output>
        </test-method> <!-- feature -->
        <test-method status="PASS" signature="tearDownClass()[pri:0, instance:com.revature.TestRunner@467aecef]" name="tearDownClass" is-config="true" duration-ms="49" started-at="2022-06-23T12:22:04 EDT" finished-at="2022-06-23T12:22:04 EDT">
          <reporter-output>
          </reporter-output>
        </test-method> <!-- tearDownClass -->
      </class> <!-- com.revature.TestRunner -->
    </test> <!-- Surefire test -->
  </suite> <!-- Surefire suite -->
</testng-results>
